<?xml version="1.0" encoding="UTF-8"?>
<!-- Generated by org.testng.reporters.JUnitReportReporter -->
<testsuite skipped="0" hostname="SUD-PC" name="mangalbhairav.nandedcity.A11" tests="1" failures="0" timestamp="2019-09-27T20:52:29 IST" time="0.011" errors="0">
  <testcase name="supriya" time="0.011" classname="mangalbhairav.nandedcity.A11"/>
</testsuite> <!-- mangalbhairav.nandedcity.A11 -->
